[13:35:44] [main/INFO] (FabricLoader/GameProvider) Loading Minecraft 1.21.6 with Fabric Loader 0.17.2
[13:35:44] [ForkJoinPool-1-worker-1/WARN] (FabricLoader/Metadata) The mod "paleworld" contains invalid entries in its mod json:
- Unsupported root entry "artist" at line 11 column 10
[13:35:44] [ForkJoinPool-1-worker-1/WARN] (FabricLoader/Metadata) "fabric.mod.json" from mod paleworld did not have "schemaVersion" as first field.
[13:35:45] [main/INFO] (FabricLoader) Loading 54 mods:
	- evening-star-lib 1.0.2
	- fabric-api 0.128.2+1.21.6
	- fabric-api-base 0.4.64+9ec45cd896
	- fabric-api-lookup-api-v1 1.6.100+946bf4c396
	- fabric-biome-api-v1 16.0.11+946bf4c396
	- fabric-block-api-v1 1.1.3+946bf4c396
	- fabric-block-view-api-v2 1.0.31+946bf4c396
	- fabric-client-gametest-api-v1 4.2.5+98137fcb96
	- fabric-command-api-v2 2.2.53+946bf4c396
	- fabric-content-registries-v0 10.0.18+946bf4c396
	- fabric-convention-tags-v1 2.1.38+7f945d5b96
	- fabric-convention-tags-v2 2.15.3+946bf4c396
	- fabric-crash-report-info-v1 0.3.15+946bf4c396
	- fabric-data-attachment-api-v1 1.8.10+946bf4c396
	- fabric-data-generation-api-v1 23.2.3+c265f73696
	- fabric-dimensions-v1 4.0.19+946bf4c396
	- fabric-entity-events-v1 2.1.1+c9e4727396
	- fabric-events-interaction-v0 4.0.23+946bf4c396
	- fabric-game-rule-api-v1 1.0.73+12a186f696
	- fabric-gametest-api-v1 3.1.9+39ce47f596
	- fabric-item-api-v1 11.4.3+946bf4c396
	- fabric-item-group-api-v1 4.2.13+946bf4c396
	- fabric-key-binding-api-v1 1.0.65+946bf4c396
	- fabric-lifecycle-events-v1 2.6.3+db4dfd8596
	- fabric-loot-api-v2 3.0.55+3f89f5a596
	- fabric-loot-api-v3 2.0.2+946bf4c396
	- fabric-message-api-v1 6.1.1+946bf4c396
	- fabric-model-loading-api-v1 5.2.5+946bf4c396
	- fabric-networking-api-v1 5.0.1+946bf4c396
	- fabric-object-builder-api-v1 21.1.7+946bf4c396
	- fabric-particles-v1 4.1.7+946bf4c396
	- fabric-recipe-api-v1 8.1.14+946bf4c396
	- fabric-registry-sync-v0 6.1.27+946bf4c396
	- fabric-renderer-api-v1 7.0.2+946bf4c396
	- fabric-renderer-indigo 4.0.2+946bf4c396
	- fabric-rendering-fluids-v1 3.1.30+fa6cb72b96
	- fabric-rendering-v1 12.4.0+e8d43c7696
	- fabric-resource-conditions-api-v1 5.0.24+946bf4c396
	- fabric-resource-loader-v0 3.1.11+946bf4c396
	- fabric-screen-api-v1 2.0.51+946bf4c396
	- fabric-screen-handler-api-v1 1.3.136+946bf4c396
	- fabric-sound-api-v1 1.0.42+946bf4c396
	- fabric-tag-api-v1 1.2.1+946bf4c396
	- fabric-transfer-api-v1 6.0.5+946bf4c396
	- fabric-transitive-access-wideners-v1 6.4.1+ac3e15d196
	- fabricloader 0.17.2
	- geckolib 5.2.0
	- java 21
	- midnightlib 1.7.5
	- minecraft 1.21.6
	- mixinextras 0.5.0
	- paleworld 2.1.0+Alpha.8
	- smartbrainlib 1.16.8
	- terrablender 6.0.0.1
[13:35:45] [main/INFO] (FabricLoader/Mixin) SpongePowered MIXIN Subsystem Version=0.8.7 Source=file:/C:/Users/cjame/.gradle/caches/modules-2/files-2.1/net.fabricmc/sponge-mixin/0.16.3+mixin.0.8.7/3e535042688d1265447e52ad86950b7d9678a5fa/sponge-mixin-0.16.3+mixin.0.8.7.jar Service=Knot/Fabric Env=CLIENT
[13:35:45] [main/INFO] (FabricLoader/Mixin) Loaded Fabric development mappings for mixin remapper!
[13:35:45] [main/INFO] (FabricLoader/Mixin) Compatibility level set to JAVA_21
[13:35:45] [main/WARN] (FabricLoader/Mixin) Error loading class: org/jetbrains/annotations/ApiStatus$Internal (java.lang.ClassNotFoundException: org/jetbrains/annotations/ApiStatus$Internal)
[13:35:46] [main/INFO] (FabricLoader/MixinExtras|Service) Initializing MixinExtras via com.llamalad7.mixinextras.service.MixinExtrasServiceImpl(version=0.5.0).
[13:35:46] [Datafixer Bootstrap/INFO] (Minecraft) 269 Datafixer optimizations took 331 milliseconds
[13:35:50] [Render thread/INFO] (Minecraft) Environment: Environment[sessionHost=https://sessionserver.mojang.com, servicesHost=https://api.minecraftservices.com, name=PROD]
[13:35:50] [Render thread/INFO] (Minecraft) Setting user: Player764
[13:35:50] [Render thread/INFO] (paleworld) Registered Config
[13:35:50] [Render thread/INFO] (paleworld) Registered Entities
[13:35:50] [Render thread/INFO] (paleworld) Registered Blocks & Items
[13:35:50] [Render thread/INFO] (paleworld) Registered Generation
[13:35:50] [Render thread/INFO] (terrablender) Registered region minecraft:overworld to index 0 for type OVERWORLD
[13:35:50] [Render thread/INFO] (terrablender) Registered region minecraft:nether to index 0 for type NETHER
[13:35:50] [Render thread/INFO] (terrablender) Registered region paleworld:overworld to index 1 for type OVERWORLD
[13:35:50] [Render thread/INFO] (terrablender) Registered region paleworld:overworld_1 to index 2 for type OVERWORLD
[13:35:50] [Render thread/INFO] (terrablender) Registered region paleworld:overworld_2 to index 3 for type OVERWORLD
[13:35:50] [Render thread/INFO] (paleworld) Client: Mob Renderers Registered
[13:35:50] [Render thread/INFO] (paleworld) Client: Block Textures Registered
[13:35:50] [Render thread/INFO] (paleworld) Client: Particles Registered
[13:35:50] [Render thread/INFO] (Indigo) [Indigo] Registering Indigo renderer!
[13:35:50] [Render thread/WARN] (FabricLoader/Mixin) Error loading class: net/minecraft/client/renderer/entity/layers/HumanoidArmorLayer (java.lang.ClassNotFoundException: net/minecraft/client/renderer/entity/layers/HumanoidArmorLayer)
[13:35:50] [Render thread/INFO] (Minecraft) Backend library: LWJGL version 3.3.3-snapshot
[13:35:51] [Render thread/INFO] (Minecraft) Using optional rendering extensions: GL_ARB_buffer_storage, GL_KHR_debug, GL_ARB_vertex_attrib_binding, GL_ARB_direct_state_access
[13:35:51] [Render thread/INFO] (Minecraft) Reloading ResourceManager: vanilla, fabric, evening-star-lib, fabric-api, fabric-api-base, fabric-api-lookup-api-v1, fabric-biome-api-v1, fabric-block-api-v1, fabric-block-view-api-v2, fabric-client-gametest-api-v1, fabric-command-api-v2, fabric-content-registries-v0, fabric-convention-tags-v1, fabric-convention-tags-v2, fabric-crash-report-info-v1, fabric-data-attachment-api-v1, fabric-data-generation-api-v1, fabric-dimensions-v1, fabric-entity-events-v1, fabric-events-interaction-v0, fabric-game-rule-api-v1, fabric-gametest-api-v1, fabric-item-api-v1, fabric-item-group-api-v1, fabric-key-binding-api-v1, fabric-lifecycle-events-v1, fabric-loot-api-v2, fabric-loot-api-v3, fabric-message-api-v1, fabric-model-loading-api-v1, fabric-networking-api-v1, fabric-object-builder-api-v1, fabric-particles-v1, fabric-recipe-api-v1, fabric-registry-sync-v0, fabric-renderer-api-v1, fabric-renderer-indigo, fabric-rendering-fluids-v1, fabric-rendering-v1, fabric-resource-conditions-api-v1, fabric-resource-loader-v0, fabric-screen-api-v1, fabric-screen-handler-api-v1, fabric-sound-api-v1, fabric-tag-api-v1, fabric-transfer-api-v1, fabric-transitive-access-wideners-v1, fabricloader, midnightlib, paleworld, terrablender
[13:35:51] [Worker-Main-2/ERROR] (ModNioResourcePack) Invalid path in mod resource-pack paleworld: paleworld:shaders/include/IrisFog.fsh, ignoring
[13:35:51] [Worker-Main-10/INFO] (Minecraft) Found unifont_pua-16.0.03.hex, loading
[13:35:51] [Worker-Main-9/INFO] (Minecraft) Found unifont_all_no_pua-16.0.03.hex, loading
[13:35:51] [Worker-Main-6/WARN] (Minecraft) File pale-world:sounds/pale-cave-ambi.ogg does not exist, cannot add it to event paleworld:metal_whistle
[13:35:51] [Worker-Main-6/WARN] (Minecraft) File pale-world:sounds/engine.ogg does not exist, cannot add it to event paleworld:engine
[13:35:51] [Worker-Main-5/INFO] (Minecraft) Found unifont_jp_patch-16.0.03.hex, loading
[13:35:51] [Worker-Main-14/WARN] (Minecraft) Exception loading blockstate definition: 'paleworld:petrified_pale_oak/paleworld' for variant: 'axis=x': Unknown blockstate property: 'axis'
[13:35:51] [Worker-Main-14/WARN] (Minecraft) Exception loading blockstate definition: 'paleworld:petrified_pale_oak/paleworld' for variant: 'axis=y': Unknown blockstate property: 'axis'
[13:35:51] [Worker-Main-14/WARN] (Minecraft) Exception loading blockstate definition: 'paleworld:petrified_pale_oak/paleworld' for variant: 'axis=z': Unknown blockstate property: 'axis'
[13:35:51] [Worker-Main-2/WARN] (Minecraft) Exception loading blockstate definition: 'paleworld:pale_vine_body/paleworld' for variant: 'berries=true': Overlapping definition on state: Block{paleworld:pale_vine_body}[berries=true]
[13:35:52] [Worker-Main-6/WARN] (Minecraft) Missing block model: paleworld:item/petrified_pale_oak
[13:35:52] [Worker-Main-7/WARN] (Minecraft) Missing textures in model paleworld:item/rafflesia:
    minecraft:textures/atlas/blocks.png:minecraft:block/rafflesia
[13:35:52] [Worker-Main-7/WARN] (Minecraft) Missing textures in model minecraft:block/asphodel:
    minecraft:textures/atlas/blocks.png:minecraft:block/asphodel
[13:35:52] [Worker-Main-7/WARN] (Minecraft) Missing textures in model minecraft:block/rafflesia:
    minecraft:textures/atlas/blocks.png:minecraft:block/rafflesia
[13:35:52] [Worker-Main-7/WARN] (Minecraft) Missing textures in model paleworld:item/asphodel:
    minecraft:textures/atlas/blocks.png:minecraft:block/asphodel
[13:35:52] [Worker-Main-7/WARN] (Minecraft) Missing texture references in model paleworld:item/white_crystal:
    particle
[13:35:52] [Worker-Main-7/WARN] (Minecraft) Missing model for variant: 'Block{paleworld:petrified_pale_oak}'
[13:35:52] [Worker-Main-7/WARN] (Minecraft) Missing model for variant: 'Block{paleworld:stripped_creaking_heart}[axis=x,creaking_heart_state=uprooted,natural=true]'
[13:35:52] [Worker-Main-7/WARN] (Minecraft) Missing model for variant: 'Block{paleworld:stripped_creaking_heart}[axis=x,creaking_heart_state=uprooted,natural=false]'
[13:35:52] [Worker-Main-7/WARN] (Minecraft) Missing model for variant: 'Block{paleworld:stripped_creaking_heart}[axis=x,creaking_heart_state=dormant,natural=true]'
[13:35:52] [Worker-Main-7/WARN] (Minecraft) Missing model for variant: 'Block{paleworld:stripped_creaking_heart}[axis=x,creaking_heart_state=dormant,natural=false]'
[13:35:52] [Worker-Main-7/WARN] (Minecraft) Missing model for variant: 'Block{paleworld:stripped_creaking_heart}[axis=x,creaking_heart_state=awake,natural=true]'
[13:35:52] [Worker-Main-7/WARN] (Minecraft) Missing model for variant: 'Block{paleworld:stripped_creaking_heart}[axis=x,creaking_heart_state=awake,natural=false]'
[13:35:52] [Worker-Main-7/WARN] (Minecraft) Missing model for variant: 'Block{paleworld:stripped_creaking_heart}[axis=y,creaking_heart_state=uprooted,natural=true]'
[13:35:52] [Worker-Main-7/WARN] (Minecraft) Missing model for variant: 'Block{paleworld:stripped_creaking_heart}[axis=y,creaking_heart_state=uprooted,natural=false]'
[13:35:52] [Worker-Main-7/WARN] (Minecraft) Missing model for variant: 'Block{paleworld:stripped_creaking_heart}[axis=y,creaking_heart_state=dormant,natural=true]'
[13:35:52] [Worker-Main-7/WARN] (Minecraft) Missing model for variant: 'Block{paleworld:stripped_creaking_heart}[axis=y,creaking_heart_state=dormant,natural=false]'
[13:35:52] [Worker-Main-7/WARN] (Minecraft) Missing model for variant: 'Block{paleworld:stripped_creaking_heart}[axis=y,creaking_heart_state=awake,natural=true]'
[13:35:52] [Worker-Main-7/WARN] (Minecraft) Missing model for variant: 'Block{paleworld:stripped_creaking_heart}[axis=y,creaking_heart_state=awake,natural=false]'
[13:35:52] [Worker-Main-7/WARN] (Minecraft) Missing model for variant: 'Block{paleworld:stripped_creaking_heart}[axis=z,creaking_heart_state=uprooted,natural=true]'
[13:35:52] [Worker-Main-7/WARN] (Minecraft) Missing model for variant: 'Block{paleworld:stripped_creaking_heart}[axis=z,creaking_heart_state=uprooted,natural=false]'
[13:35:52] [Worker-Main-7/WARN] (Minecraft) Missing model for variant: 'Block{paleworld:stripped_creaking_heart}[axis=z,creaking_heart_state=dormant,natural=true]'
[13:35:52] [Worker-Main-7/WARN] (Minecraft) Missing model for variant: 'Block{paleworld:stripped_creaking_heart}[axis=z,creaking_heart_state=dormant,natural=false]'
[13:35:52] [Worker-Main-7/WARN] (Minecraft) Missing model for variant: 'Block{paleworld:stripped_creaking_heart}[axis=z,creaking_heart_state=awake,natural=true]'
[13:35:52] [Worker-Main-7/WARN] (Minecraft) Missing model for variant: 'Block{paleworld:stripped_creaking_heart}[axis=z,creaking_heart_state=awake,natural=false]'
[13:35:52] [Render thread/INFO] (Minecraft) OpenAL initialized on device OpenAL Soft on Speakers (Focusrite USB Audio)
[13:35:52] [Render thread/INFO] (Minecraft) Sound engine started
[13:35:52] [Render thread/INFO] (Minecraft) Created: 1024x512x4 minecraft:textures/atlas/blocks.png-atlas
[13:35:52] [Render thread/INFO] (Minecraft) Created: 256x256x4 minecraft:textures/atlas/signs.png-atlas
[13:35:52] [Render thread/INFO] (Minecraft) Created: 512x512x4 minecraft:textures/atlas/shield_patterns.png-atlas
[13:35:52] [Render thread/INFO] (Minecraft) Created: 512x512x4 minecraft:textures/atlas/banner_patterns.png-atlas
[13:35:52] [Render thread/INFO] (Minecraft) Created: 2048x1024x4 minecraft:textures/atlas/armor_trims.png-atlas
[13:35:52] [Render thread/INFO] (Minecraft) Created: 256x256x4 minecraft:textures/atlas/chest.png-atlas
[13:35:52] [Render thread/INFO] (Minecraft) Created: 128x64x4 minecraft:textures/atlas/decorated_pot.png-atlas
[13:35:52] [Render thread/INFO] (Minecraft) Created: 512x256x4 minecraft:textures/atlas/shulker_boxes.png-atlas
[13:35:52] [Render thread/INFO] (Minecraft) Created: 512x256x4 minecraft:textures/atlas/beds.png-atlas
[13:35:52] [Render thread/INFO] (Minecraft) Created: 64x64x0 minecraft:textures/atlas/map_decorations.png-atlas
[13:35:52] [Render thread/INFO] (Minecraft) Created: 512x256x0 minecraft:textures/atlas/particles.png-atlas
[13:35:52] [Render thread/WARN] (Minecraft) Missing particle sprites: paleworld:fog_particle_texture
[13:35:52] [Render thread/INFO] (Minecraft) Created: 512x256x0 minecraft:textures/atlas/paintings.png-atlas
[13:35:52] [Render thread/INFO] (Minecraft) Created: 1024x512x0 minecraft:textures/atlas/gui.png-atlas
[13:36:46] [Render thread/INFO] (Minecraft) Loaded 1411 recipes
[13:36:46] [Render thread/INFO] (Minecraft) Loaded 1526 advancements
[13:36:46] [Render thread/INFO] (terrablender) Initialized TerraBlender biomes for level stem minecraft:the_nether
[13:36:47] [Render thread/INFO] (terrablender) Initialized TerraBlender biomes for level stem minecraft:overworld
[13:36:47] [Render thread/INFO] (BiomeModificationImpl) Applied 27 biome modifications to 3 of 68 new biomes in 5.532 ms
[13:36:47] [Server thread/INFO] (Minecraft) Starting integrated minecraft server version 1.21.6
[13:36:47] [Server thread/INFO] (Minecraft) Generating keypair
[13:36:47] [Server thread/INFO] (Minecraft) Preparing start region for dimension minecraft:overworld
[13:36:47] [Render thread/INFO] (Minecraft) Preparing spawn area: 0%
[13:36:47] [Render thread/INFO] (Minecraft) Preparing spawn area: 0%
[13:36:47] [Render thread/INFO] (Minecraft) Time elapsed: 642 ms
[13:36:47] [Server thread/INFO] (Minecraft) Changing view distance to 12, from 10
[13:36:47] [Server thread/INFO] (Minecraft) Changing simulation distance to 12, from 0
[13:36:48] [Server thread/INFO] (Minecraft) Player764[local:E:63c25545] logged in with entity id 11 at (-1210.9576625588888, 119.08853171728828, -1480.993788114861)
[13:36:48] [Server thread/INFO] (Minecraft) Player764 joined the game
[13:36:48] [Server thread/INFO] (Minecraft) Player764 has made the advancement [Pale World]
[13:36:48] [Render thread/INFO] (Minecraft) [System] [CHAT] Player764 has made the advancement [Pale World]
[13:36:48] [Render thread/INFO] (Minecraft) Loaded 8 advancements
[13:36:48] [Render thread/INFO] (Minecraft) Resizing Dynamic Transforms UBO, capacity limit of 2 reached during a single frame. New capacity will be 4.
[13:36:48] [Render thread/INFO] (Minecraft) Resizing Dynamic Transforms UBO, capacity limit of 4 reached during a single frame. New capacity will be 8.
[13:36:48] [Render thread/INFO] (Minecraft) Resizing Dynamic Transforms UBO, capacity limit of 8 reached during a single frame. New capacity will be 16.
[13:36:48] [Render thread/INFO] (Minecraft) Resizing Dynamic Transforms UBO, capacity limit of 16 reached during a single frame. New capacity will be 32.
[13:36:48] [Render thread/INFO] (Minecraft) Resizing Dynamic Transforms UBO, capacity limit of 32 reached during a single frame. New capacity will be 64.
[13:36:48] [Render thread/INFO] (Minecraft) Resizing Dynamic Transforms UBO, capacity limit of 64 reached during a single frame. New capacity will be 128.
[13:36:49] [Render thread/INFO] (Minecraft) Resizing Dynamic Transforms UBO, capacity limit of 128 reached during a single frame. New capacity will be 256.
[13:36:49] [Render thread/INFO] (Minecraft) Resizing Dynamic Transforms UBO, capacity limit of 256 reached during a single frame. New capacity will be 512.
[13:36:49] [Server thread/INFO] (Minecraft) Player764 has reached the goal [At the Heart]
[13:36:49] [Render thread/INFO] (Minecraft) [System] [CHAT] Player764 has reached the goal [At the Heart]
[13:36:49] [Render thread/INFO] (Minecraft) Loaded 8 advancements
[13:36:49] [Render thread/INFO] (Minecraft) Resizing Dynamic Transforms UBO, capacity limit of 512 reached during a single frame. New capacity will be 1024.
[13:36:49] [Render thread/INFO] (Minecraft) Resizing Dynamic Transforms UBO, capacity limit of 1024 reached during a single frame. New capacity will be 2048.
[13:37:00] [Render thread/INFO] (Minecraft) Resizing Dynamic Transforms UBO, capacity limit of 2048 reached during a single frame. New capacity will be 4096.
[13:38:11] [Server thread/INFO] (Minecraft) [Player764: Summoned new Vampire Bat]
[13:38:11] [Render thread/INFO] (Minecraft) [System] [CHAT] Summoned new Vampire Bat
[13:39:37] [Server thread/INFO] (Minecraft) Saving and pausing game...
[13:39:37] [Server thread/INFO] (Minecraft) Saving chunks for level 'ServerLevel[New World]'/minecraft:overworld
[13:39:37] [Server thread/INFO] (Minecraft) Saving chunks for level 'ServerLevel[New World]'/minecraft:the_end
[13:39:37] [Server thread/INFO] (Minecraft) Saving chunks for level 'ServerLevel[New World]'/minecraft:the_nether
[13:39:37] [Server thread/INFO] (Minecraft) Player764 lost connection: Disconnected
[13:39:37] [Server thread/INFO] (Minecraft) Player764 left the game
[13:39:37] [Server thread/INFO] (Minecraft) Stopping singleplayer server as player logged out
[13:39:37] [Server thread/INFO] (Minecraft) Stopping server
[13:39:37] [Server thread/INFO] (Minecraft) Saving players
[13:39:37] [Server thread/INFO] (Minecraft) Saving worlds
[13:39:37] [Server thread/INFO] (Minecraft) Saving chunks for level 'ServerLevel[New World]'/minecraft:overworld
[13:39:37] [Server thread/INFO] (Minecraft) Saving chunks for level 'ServerLevel[New World]'/minecraft:the_end
[13:39:37] [Server thread/INFO] (Minecraft) Saving chunks for level 'ServerLevel[New World]'/minecraft:the_nether
[13:39:37] [Server thread/INFO] (Minecraft) ThreadedAnvilChunkStorage (New World (346)): All chunks are saved
[13:39:37] [Server thread/INFO] (Minecraft) ThreadedAnvilChunkStorage (DIM1): All chunks are saved
[13:39:37] [Server thread/INFO] (Minecraft) ThreadedAnvilChunkStorage (DIM-1): All chunks are saved
[13:39:37] [Server thread/INFO] (Minecraft) ThreadedAnvilChunkStorage: All dimensions are saved
[13:39:38] [Render thread/INFO] (Minecraft) Stopping!
